<?xml version="1.0" encoding="UTF-8"?>
<!-- Generated by org.testng.reporters.JUnitReportReporter -->
<testsuite hostname="DESKTOP-KIR9NKS" failures="0" tests="1" name="TestCases.TC08_Web_Controlgroup" time="9.690" errors="0" timestamp="2021-06-14T12:44:42 IST" skipped="0">
  <testcase classname="TestCases.TC08_Web_Controlgroup" name="RentCarIncontrolgroup" time="9.690"/>
  <system-out>
    <![CDATA[<a href= 'C:\Users\SHOAIB\eclipse-workspace\Nagarro_Assignment\src\Screenshot\ControlGroup_14_06_2021_12_44_26.png'> <img src='C:\Users\SHOAIB\eclipse-workspace\Nagarro_Assignment\src\Screenshot\ControlGroup_14_06_2021_12_44_26.png' height='100' width ='100'/></a>]]>
  </system-out>
</testsuite> <!-- TestCases.TC08_Web_Controlgroup -->
