<?xml version="1.0" encoding="UTF-8"?>
<!-- Generated by org.testng.reporters.JUnitReportReporter -->
<testsuite hostname="DESKTOP-KIR9NKS" failures="0" tests="1" name="TestCases.TC_GetRequest" time="8.088" errors="0" timestamp="2021-06-14T12:44:42 IST" skipped="0">
  <testcase classname="TestCases.TC_GetRequest" name="GetfirstName" time="8.088"/>
  <system-out/>
</testsuite> <!-- TestCases.TC_GetRequest -->
